Build started 4/10/2023 10:05:27 PM.
     1>Project "A:\ALU\project\Solving Equations\Solving Equations\Solving Equations.vcxproj" on node 2 (build target(s)).
     1>InitializeBuildStatus:
         Creating "Debug\Solving Equations.unsuccessfulbuild" because "AlwaysCreate" was specified.
       ClCompile:
         C:\Program Files (x86)\Microsoft Visual Studio 10.0\VC\bin\CL.exe /c /ZI /nologo /W3 /WX- /Od /Oy- /D _MBCS /Gm /EHsc /RTC1 /MDd /GS /fp:precise /Zc:wchar_t /Zc:forScope /Fo"Debug\\" /Fd"Debug\vc100.pdb" /Gd /TP /analyze- /errorReport:prompt "Solving Eq.cpp"
         Solving Eq.cpp
     1>a:\alu\project\solving equations\solving equations\solving eq.cpp(73): warning C4244: 'initializing' : conversion from 'double' to 'int', possible loss of data
       Link:
         C:\Program Files (x86)\Microsoft Visual Studio 10.0\VC\bin\link.exe /ERRORREPORT:PROMPT /OUT:"A:\ALU\project\Solving Equations\Debug\Solving Equations.exe" /NOLOGO kernel32.lib user32.lib gdi32.lib winspool.lib comdlg32.lib advapi32.lib shell32.lib ole32.lib oleaut32.lib uuid.lib odbc32.lib odbccp32.lib /MANIFEST /ManifestFile:"Debug\Solving Equations.exe.intermediate.manifest" /MANIFESTUAC:"level='asInvoker' uiAccess='false'" /DEBUG /PDB:"A:\ALU\project\Solving Equations\Debug\Solving Equations.pdb" /TLBID:1 /DYNAMICBASE /NXCOMPAT /IMPLIB:"A:\ALU\project\Solving Equations\Debug\Solving Equations.lib" /MACHINE:X86 "Debug\Solving Eq.obj"
         LINK : A:\ALU\project\Solving Equations\Debug\Solving Equations.exe not found or not built by the last incremental link; performing full link
         Solving Equations.vcxproj -> A:\ALU\project\Solving Equations\Debug\Solving Equations.exe
       Manifest:
         C:\Program Files (x86)\Microsoft SDKs\Windows\v7.0A\bin\mt.exe /nologo /verbose /outputresource:"A:\ALU\project\Solving Equations\Debug\Solving Equations.exe;#1" /manifest "Debug\Solving Equations.exe.intermediate.manifest"
       FinalizeBuildStatus:
         Deleting file "Debug\Solving Equations.unsuccessfulbuild".
         Touching "Debug\Solving Equations.lastbuildstate".
     1>Done Building Project "A:\ALU\project\Solving Equations\Solving Equations\Solving Equations.vcxproj" (build target(s)).

Build succeeded.

Time Elapsed 00:00:01.66
